Watching for file changes with StatReloader
Watching for file changes with StatReloader
Not Found: /
"GET / HTTP/1.1" 404 3256
Not Found: /payment
"GET /payment HTTP/1.1" 404 3295
Not Found: /payment/
"GET /payment/ HTTP/1.1" 404 3562
Internal Server Error: /payment/create/
Traceback (most recent call last):
  File "/home/stateonuris/Python/makers/Hakaton/pinterest/Hackathon3/venv/lib/python3.10/site-packages/django/core/handlers/exception.py", line 55, in inner
    response = get_response(request)
  File "/home/stateonuris/Python/makers/Hakaton/pinterest/Hackathon3/venv/lib/python3.10/site-packages/django/core/handlers/base.py", line 197, in _get_response
    response = wrapped_callback(request, *callback_args, **callback_kwargs)
  File "/home/stateonuris/Python/makers/Hakaton/pinterest/Hackathon3/payment/views.py", line 39, in create_payment
    if payment.create():
  File "/home/stateonuris/Python/makers/Hakaton/pinterest/Hackathon3/venv/lib/python3.10/site-packages/paypalrestsdk/resource.py", line 163, in create
    new_attributes = self.api.post(self.path, self.to_dict(), headers, refresh_token)
  File "/home/stateonuris/Python/makers/Hakaton/pinterest/Hackathon3/venv/lib/python3.10/site-packages/paypalrestsdk/api.py", line 279, in post
    return self.request(util.join_url(self.endpoint, action), 'POST', body=params or {}, headers=headers or {}, refresh_token=refresh_token)
  File "/home/stateonuris/Python/makers/Hakaton/pinterest/Hackathon3/venv/lib/python3.10/site-packages/paypalrestsdk/api.py", line 162, in request
    self.headers(refresh_token=refresh_token, headers=headers or {}), headers or {})
  File "/home/stateonuris/Python/makers/Hakaton/pinterest/Hackathon3/venv/lib/python3.10/site-packages/paypalrestsdk/api.py", line 251, in headers
    token_hash = self.get_token_hash(refresh_token=refresh_token, headers=headers or {})
  File "/home/stateonuris/Python/makers/Hakaton/pinterest/Hackathon3/venv/lib/python3.10/site-packages/paypalrestsdk/api.py", line 103, in get_token_hash
    token = self.http_call(
  File "/home/stateonuris/Python/makers/Hakaton/pinterest/Hackathon3/venv/lib/python3.10/site-packages/paypalrestsdk/api.py", line 214, in http_call
    return self.handle_response(response, response.content.decode('utf-8'))
  File "/home/stateonuris/Python/makers/Hakaton/pinterest/Hackathon3/venv/lib/python3.10/site-packages/paypalrestsdk/api.py", line 227, in handle_response
    raise exceptions.UnauthorizedAccess(response, content)
paypalrestsdk.exceptions.UnauthorizedAccess: Failed. Response status: 401. Response message: Unauthorized. Error message: {"error":"invalid_client","error_description":"Client Authentication failed"}
"GET /payment/create/ HTTP/1.1" 500 113705
/home/stateonuris/Python/makers/Hakaton/pinterest/Hackathon3/payment/views.py changed, reloading.
Watching for file changes with StatReloader
Watching for file changes with StatReloader
Not Found: /
"GET / HTTP/1.1" 404 3256
Unauthorized: /accounts/login/
"POST /accounts/login/ HTTP/1.1" 401 116
Unauthorized: /accounts/login/
"POST /accounts/login/ HTTP/1.1" 401 116
"POST /accounts/login/ HTTP/1.1" 200 483
Forbidden (CSRF token missing.): /payment/create/
"POST /payment/create/ HTTP/1.1" 403 2548
Internal Server Error: /payment/create/
Traceback (most recent call last):
  File "/home/stateonuris/Python/makers/Hakaton/pinterest/Hackathon3/venv/lib/python3.10/site-packages/django/core/handlers/exception.py", line 55, in inner
    response = get_response(request)
  File "/home/stateonuris/Python/makers/Hakaton/pinterest/Hackathon3/venv/lib/python3.10/site-packages/django/core/handlers/base.py", line 197, in _get_response
    response = wrapped_callback(request, *callback_args, **callback_kwargs)
  File "/home/stateonuris/Python/makers/Hakaton/pinterest/Hackathon3/payment/views.py", line 39, in create_payment
    if payment.create():
  File "/home/stateonuris/Python/makers/Hakaton/pinterest/Hackathon3/venv/lib/python3.10/site-packages/paypalrestsdk/resource.py", line 163, in create
    new_attributes = self.api.post(self.path, self.to_dict(), headers, refresh_token)
  File "/home/stateonuris/Python/makers/Hakaton/pinterest/Hackathon3/venv/lib/python3.10/site-packages/paypalrestsdk/api.py", line 279, in post
    return self.request(util.join_url(self.endpoint, action), 'POST', body=params or {}, headers=headers or {}, refresh_token=refresh_token)
  File "/home/stateonuris/Python/makers/Hakaton/pinterest/Hackathon3/venv/lib/python3.10/site-packages/paypalrestsdk/api.py", line 162, in request
    self.headers(refresh_token=refresh_token, headers=headers or {}), headers or {})
  File "/home/stateonuris/Python/makers/Hakaton/pinterest/Hackathon3/venv/lib/python3.10/site-packages/paypalrestsdk/api.py", line 251, in headers
    token_hash = self.get_token_hash(refresh_token=refresh_token, headers=headers or {})
  File "/home/stateonuris/Python/makers/Hakaton/pinterest/Hackathon3/venv/lib/python3.10/site-packages/paypalrestsdk/api.py", line 103, in get_token_hash
    token = self.http_call(
  File "/home/stateonuris/Python/makers/Hakaton/pinterest/Hackathon3/venv/lib/python3.10/site-packages/paypalrestsdk/api.py", line 214, in http_call
    return self.handle_response(response, response.content.decode('utf-8'))
  File "/home/stateonuris/Python/makers/Hakaton/pinterest/Hackathon3/venv/lib/python3.10/site-packages/paypalrestsdk/api.py", line 227, in handle_response
    raise exceptions.UnauthorizedAccess(response, content)
paypalrestsdk.exceptions.UnauthorizedAccess: Failed. Response status: 401. Response message: Unauthorized. Error message: {"error":"invalid_client","error_description":"Client Authentication failed"}
"GET /payment/create/ HTTP/1.1" 500 112481
/home/stateonuris/Python/makers/Hakaton/pinterest/Hackathon3/account/views.py changed, reloading.
Watching for file changes with StatReloader
/home/stateonuris/Python/makers/Hakaton/pinterest/Hackathon3/account/views.py changed, reloading.
Watching for file changes with StatReloader
/home/stateonuris/Python/makers/Hakaton/pinterest/Hackathon3/account/views.py changed, reloading.
Watching for file changes with StatReloader
/home/stateonuris/Python/makers/Hakaton/pinterest/Hackathon3/account/views.py changed, reloading.
Watching for file changes with StatReloader
/home/stateonuris/Python/makers/Hakaton/pinterest/Hackathon3/account/views.py changed, reloading.
Watching for file changes with StatReloader
Method Not Allowed: /accounts/register/
"GET /accounts/register/ HTTP/1.1" 405 54
Bad Request: /accounts/register/
"POST /accounts/register/ HTTP/1.1" 400 120
"POST /accounts/register/ HTTP/1.1" 201 189
/home/stateonuris/Python/makers/Hakaton/pinterest/Hackathon3/fullstack/settings.py changed, reloading.
Watching for file changes with StatReloader
"GET /admin HTTP/1.1" 301 0
"GET /admin/ HTTP/1.1" 302 0
"GET /admin/login/?next=/admin/ HTTP/1.1" 200 3133
"GET /static/vendor/fontawesome-free/css/all.min.css HTTP/1.1" 200 59344
"GET /static/jazzmin/css/main.css HTTP/1.1" 200 16969
"GET /static/vendor/adminlte/img/AdminLTELogo.png HTTP/1.1" 200 2637
"GET /static/vendor/adminlte/css/adminlte.min.css HTTP/1.1" 200 1382975
"GET /static/admin/js/vendor/jquery/jquery.js HTTP/1.1" 200 292458
"GET /static/vendor/bootstrap/js/bootstrap.min.js HTTP/1.1" 200 62440
"GET /static/vendor/adminlte/js/adminlte.min.js HTTP/1.1" 200 44244
"GET /static/vendor/fontawesome-free/webfonts/fa-solid-900.woff2 HTTP/1.1" 200 78196
"POST /admin/login/?next=/admin/ HTTP/1.1" 302 0
"GET /admin/ HTTP/1.1" 200 19005
"GET /static/jazzmin/js/main.js HTTP/1.1" 200 2391
"GET /static/vendor/fontawesome-free/webfonts/fa-regular-400.woff2 HTTP/1.1" 200 13276
"GET /admin/account/customuser/ HTTP/1.1" 200 15963
"GET /static/vendor/select2/css/select2.min.css HTTP/1.1" 200 16264
"GET /static/admin/js/core.js HTTP/1.1" 200 5682
"GET /static/admin/js/admin/RelatedObjectLookups.js HTTP/1.1" 200 8943
"GET /static/admin/js/actions.js HTTP/1.1" 200 7872
"GET /static/admin/js/jquery.init.js HTTP/1.1" 200 347
"GET /static/admin/js/urlify.js HTTP/1.1" 200 7887
"GET /static/admin/js/prepopulate.js HTTP/1.1" 200 1531
"GET /static/vendor/select2/js/select2.min.js HTTP/1.1" 200 73170
"GET /static/admin/js/vendor/xregexp/xregexp.js HTTP/1.1" 200 232381
"GET /admin/jsi18n/ HTTP/1.1" 200 16066
"GET /static/jazzmin/js/change_list.js HTTP/1.1" 200 2252
"GET /admin/account/customuser/2/change/ HTTP/1.1" 200 33088
"GET /static/admin/js/calendar.js HTTP/1.1" 200 8466
"GET /static/admin/img/icon-addlink.svg HTTP/1.1" 200 331
"GET /static/admin/js/admin/DateTimeShortcuts.js HTTP/1.1" 200 19319
"GET /static/admin/js/change_form.js HTTP/1.1" 200 606
"GET /admin/jsi18n/ HTTP/1.1" 200 16066
"GET /static/admin/js/prepopulate_init.js HTTP/1.1" 200 586
"GET /static/jazzmin/js/change_form.js HTTP/1.1" 200 6052
"GET /admin/account/customuser/2/delete/ HTTP/1.1" 200 13011
"GET /static/admin/js/cancel.js HTTP/1.1" 200 564
"POST /admin/account/customuser/2/delete/ HTTP/1.1" 302 0
"GET /admin/account/customuser/ HTTP/1.1" 200 16189
"GET /admin/jsi18n/ HTTP/1.1" 200 16066
"POST /accounts/register/ HTTP/1.1" 201 136
"GET /accounts/activate/5ebcb4f5-0580-4b64-af60-630bd8eef5a6/ HTTP/1.1" 302 0
Method Not Allowed: /accounts/login/
"GET /accounts/login/ HTTP/1.1" 405 7563
"GET /static/rest_framework/css/bootstrap.min.css HTTP/1.1" 304 0
"GET /static/rest_framework/js/jquery-3.5.1.min.js HTTP/1.1" 304 0
"GET /static/rest_framework/css/default.css HTTP/1.1" 304 0
"GET /static/rest_framework/js/ajax-form.js HTTP/1.1" 304 0
"GET /static/rest_framework/css/bootstrap-tweaks.css HTTP/1.1" 304 0
"GET /static/rest_framework/css/prettify.css HTTP/1.1" 304 0
"GET /static/rest_framework/js/csrf.js HTTP/1.1" 304 0
"GET /static/rest_framework/js/bootstrap.min.js HTTP/1.1" 304 0
"GET /static/rest_framework/js/prettify-min.js HTTP/1.1" 304 0
"GET /static/rest_framework/js/default.js HTTP/1.1" 304 0
"GET /static/rest_framework/img/grid.png HTTP/1.1" 304 0
/home/stateonuris/Python/makers/Hakaton/pinterest/Hackathon3/fullstack/settings.py changed, reloading.
Watching for file changes with StatReloader
